{
  "stats": {
    "suites": 1,
    "tests": 1,
    "passes": 1,
    "pending": 0,
    "failures": 0,
    "start": "2021-03-01T05:25:26.448Z",
    "end": "2021-03-01T05:25:45.820Z",
    "duration": 19372,
    "testsRegistered": 1,
    "passPercent": 100,
    "pendingPercent": 0,
    "other": 0,
    "hasOther": false,
    "skipped": 0,
    "hasSkipped": false
  },
  "results": [
    {
      "uuid": "1f8747b4-6077-4a95-ab63-c794cb5bdb68",
      "title": "",
      "fullFile": "cypress\\integration\\AddressBook\\test\\01_LoginPage_spec.js",
      "file": "cypress\\integration\\AddressBook\\test\\01_LoginPage_spec.js",
      "beforeHooks": [],
      "afterHooks": [],
      "tests": [],
      "suites": [
        {
          "uuid": "75a33d84-4205-49c3-b3f8-91250706a7d0",
          "title": "launching the address Book",
          "fullFile": "",
          "file": "",
          "beforeHooks": [],
          "afterHooks": [],
          "tests": [
            {
              "title": "Login into the application",
              "fullTitle": "launching the address Book Login into the application",
              "timedOut": null,
              "duration": 9495,
              "state": "passed",
              "speed": "slow",
              "pass": true,
              "fail": false,
              "pending": false,
              "context": null,
              "code": "cy.loginInToTheApp(this.testdata.Email, this.testdata.password);",
              "err": {},
              "uuid": "19288356-6bcd-40a7-aa06-4a3088539346",
              "parentUUID": "75a33d84-4205-49c3-b3f8-91250706a7d0",
              "isHook": false,
              "skipped": false
            }
          ],
          "suites": [],
          "passes": [
            "19288356-6bcd-40a7-aa06-4a3088539346"
          ],
          "failures": [],
          "pending": [],
          "skipped": [],
          "duration": 9495,
          "root": false,
          "rootEmpty": false,
          "_timeout": 2000
        }
      ],
      "passes": [],
      "failures": [],
      "pending": [],
      "skipped": [],
      "duration": 0,
      "root": true,
      "rootEmpty": true,
      "_timeout": 2000
    }
  ],
  "meta": {
    "mocha": {
      "version": "7.0.1"
    },
    "mochawesome": {
      "options": {
        "quiet": false,
        "reportFilename": "mochawesome",
        "saveHtml": true,
        "saveJson": true,
        "consoleReporter": "spec",
        "useInlineDiffs": false,
        "code": true
      },
      "version": "6.2.2"
    },
    "marge": {
      "options": {
        "reportDir": "cypress/reports",
        "reportFileName": "report",
        "overwrite": false,
        "html": true,
        "json": true,
        "charts": true
      },
      "version": "5.2.0"
    }
  }
}