{
  "stats": {
    "suites": 1,
    "tests": 2,
    "passes": 2,
    "pending": 0,
    "failures": 0,
    "start": "2021-03-01T05:26:24.632Z",
    "end": "2021-03-01T05:26:41.554Z",
    "duration": 16922,
    "testsRegistered": 2,
    "passPercent": 100,
    "pendingPercent": 0,
    "other": 0,
    "hasOther": false,
    "skipped": 0,
    "hasSkipped": false
  },
  "results": [
    {
      "uuid": "ed9f12d9-5566-44ef-9373-c4beac48bb3f",
      "title": "",
      "fullFile": "cypress\\integration\\AddressBook\\test\\03_DeleteAndEditAddress_spec.js",
      "file": "cypress\\integration\\AddressBook\\test\\03_DeleteAndEditAddress_spec.js",
      "beforeHooks": [],
      "afterHooks": [],
      "tests": [],
      "suites": [
        {
          "uuid": "cde9fc49-e50a-4037-8ac8-d0ec71cbcaf7",
          "title": "Deleting and editing the address",
          "fullFile": "",
          "file": "",
          "beforeHooks": [],
          "afterHooks": [],
          "tests": [
            {
              "title": "Show the address to Edit",
              "fullTitle": "Deleting and editing the address Show the address to Edit",
              "timedOut": null,
              "duration": 8339,
              "state": "passed",
              "speed": "slow",
              "pass": true,
              "fail": false,
              "pending": false,
              "context": null,
              "code": "cy.loginInToTheApp(this.testdata.Email, this.testdata.password);\ncy.clickOnSpecifiedText(this.testdata.firstName, 'Edit');\n_DeleteAndEditAddressPage[\"default\"].validateEdit('Editing Address');",
              "err": {},
              "uuid": "ce2663b8-2c01-41ba-b481-3276376da676",
              "parentUUID": "cde9fc49-e50a-4037-8ac8-d0ec71cbcaf7",
              "isHook": false,
              "skipped": false
            },
            {
              "title": "Specific Address deletion from the applications",
              "fullTitle": "Deleting and editing the address Specific Address deletion from the applications",
              "timedOut": null,
              "duration": 4010,
              "state": "passed",
              "speed": "slow",
              "pass": true,
              "fail": false,
              "pending": false,
              "context": null,
              "code": "cy.loginInToTheApp(this.testdata.Email, this.testdata.password);\ncy.clickOnSpecifiedText(this.testdata.firstName, 'delete');\n_DeleteAndEditAddressPage[\"default\"].validateDelete('Address was successfully destroyed.');",
              "err": {},
              "uuid": "e0dc2889-9eb4-4c82-bd61-c807c17fd7f6",
              "parentUUID": "cde9fc49-e50a-4037-8ac8-d0ec71cbcaf7",
              "isHook": false,
              "skipped": false
            }
          ],
          "suites": [],
          "passes": [
            "ce2663b8-2c01-41ba-b481-3276376da676",
            "e0dc2889-9eb4-4c82-bd61-c807c17fd7f6"
          ],
          "failures": [],
          "pending": [],
          "skipped": [],
          "duration": 12349,
          "root": false,
          "rootEmpty": false,
          "_timeout": 2000
        }
      ],
      "passes": [],
      "failures": [],
      "pending": [],
      "skipped": [],
      "duration": 0,
      "root": true,
      "rootEmpty": true,
      "_timeout": 2000
    }
  ],
  "meta": {
    "mocha": {
      "version": "7.0.1"
    },
    "mochawesome": {
      "options": {
        "quiet": false,
        "reportFilename": "mochawesome",
        "saveHtml": true,
        "saveJson": true,
        "consoleReporter": "spec",
        "useInlineDiffs": false,
        "code": true
      },
      "version": "6.2.2"
    },
    "marge": {
      "options": {
        "reportDir": "cypress/reports",
        "reportFileName": "report",
        "overwrite": false,
        "html": true,
        "json": true,
        "charts": true
      },
      "version": "5.2.0"
    }
  }
}